  Assembling Test.asm...
Test.asm(1): error A2008: syntax error : .
Test.asm(2): error A2008: syntax error : .
Test.asm(3): error A2008: syntax error : .
D:\abseruni\Visual-Studio\Dependencies\irvine\SmallWin.inc(10): error A2008: syntax error : .
D:\abseruni\Visual-Studio\Dependencies\irvine\SmallWin.inc(11): error A2008: syntax error : .
D:\abseruni\Visual-Studio\Dependencies\irvine\SmallWin.inc(12): error A2008: syntax error : .
D:\abseruni\Visual-Studio\Dependencies\irvine\SmallWin.inc(299): error A2008: syntax error : ,
D:\abseruni\Visual-Studio\Dependencies\irvine\SmallWin.inc(302): error A2008: syntax error : ,
D:\abseruni\Visual-Studio\Dependencies\irvine\SmallWin.inc(311): error A2008: syntax error : ,
D:\abseruni\Visual-Studio\Dependencies\irvine\SmallWin.inc(314): error A2008: syntax error : ,
D:\abseruni\Visual-Studio\Dependencies\irvine\SmallWin.inc(318): error A2008: syntax error : ,
D:\abseruni\Visual-Studio\Dependencies\irvine\SmallWin.inc(323): error A2008: syntax error : ,
D:\abseruni\Visual-Studio\Dependencies\irvine\SmallWin.inc(332): error A2008: syntax error : ,
D:\abseruni\Visual-Studio\Dependencies\irvine\SmallWin.inc(339): error A2008: syntax error : ,
D:\abseruni\Visual-Studio\Dependencies\irvine\SmallWin.inc(343): error A2008: syntax error : ,
D:\abseruni\Visual-Studio\Dependencies\irvine\SmallWin.inc(347): error A2008: syntax error : ,
D:\abseruni\Visual-Studio\Dependencies\irvine\SmallWin.inc(351): error A2008: syntax error : ,
D:\abseruni\Visual-Studio\Dependencies\irvine\SmallWin.inc(357): error A2008: syntax error : ,
D:\abseruni\Visual-Studio\Dependencies\irvine\SmallWin.inc(362): error A2008: syntax error : ,
D:\abseruni\Visual-Studio\Dependencies\irvine\SmallWin.inc(365): error A2008: syntax error : ,
D:\abseruni\Visual-Studio\Dependencies\irvine\SmallWin.inc(369): error A2008: syntax error : ,
D:\abseruni\Visual-Studio\Dependencies\irvine\SmallWin.inc(372): error A2008: syntax error : ,
D:\abseruni\Visual-Studio\Dependencies\irvine\SmallWin.inc(380): error A2008: syntax error : ,
D:\abseruni\Visual-Studio\Dependencies\irvine\SmallWin.inc(385): error A2008: syntax error : ,
D:\abseruni\Visual-Studio\Dependencies\irvine\SmallWin.inc(390): error A2008: syntax error : ,
D:\abseruni\Visual-Studio\Dependencies\irvine\SmallWin.inc(393): error A2008: syntax error : ,
D:\abseruni\Visual-Studio\Dependencies\irvine\SmallWin.inc(398): error A2008: syntax error : ,
D:\abseruni\Visual-Studio\Dependencies\irvine\SmallWin.inc(403): error A2008: syntax error : ,
D:\abseruni\Visual-Studio\Dependencies\irvine\SmallWin.inc(406): error A2008: syntax error : ,
D:\abseruni\Visual-Studio\Dependencies\irvine\SmallWin.inc(412): error A2008: syntax error : ,
D:\abseruni\Visual-Studio\Dependencies\irvine\SmallWin.inc(418): error A2008: syntax error : ,
D:\abseruni\Visual-Studio\Dependencies\irvine\SmallWin.inc(421): error A2008: syntax error : ,
D:\abseruni\Visual-Studio\Dependencies\irvine\SmallWin.inc(428): error A2008: syntax error : ,
D:\abseruni\Visual-Studio\Dependencies\irvine\SmallWin.inc(434): error A2008: syntax error : ,
D:\abseruni\Visual-Studio\Dependencies\irvine\SmallWin.inc(441): error A2008: syntax error : ,
D:\abseruni\Visual-Studio\Dependencies\irvine\SmallWin.inc(444): error A2008: syntax error : ,
D:\abseruni\Visual-Studio\Dependencies\irvine\SmallWin.inc(448): error A2008: syntax error : ,
D:\abseruni\Visual-Studio\Dependencies\irvine\SmallWin.inc(452): error A2008: syntax error : ,
D:\abseruni\Visual-Studio\Dependencies\irvine\SmallWin.inc(456): error A2008: syntax error : ,
D:\abseruni\Visual-Studio\Dependencies\irvine\SmallWin.inc(460): error A2008: syntax error : ,
D:\abseruni\Visual-Studio\Dependencies\irvine\SmallWin.inc(464): error A2008: syntax error : ,
D:\abseruni\Visual-Studio\Dependencies\irvine\SmallWin.inc(467): error A2008: syntax error : ,
D:\abseruni\Visual-Studio\Dependencies\irvine\SmallWin.inc(472): error A2008: syntax error : ,
D:\abseruni\Visual-Studio\Dependencies\irvine\SmallWin.inc(478): error A2008: syntax error : ,
D:\abseruni\Visual-Studio\Dependencies\irvine\SmallWin.inc(481): error A2008: syntax error : ,
D:\abseruni\Visual-Studio\Dependencies\irvine\SmallWin.inc(484): error A2008: syntax error : ,
D:\abseruni\Visual-Studio\Dependencies\irvine\SmallWin.inc(488): error A2008: syntax error : ,
D:\abseruni\Visual-Studio\Dependencies\irvine\SmallWin.inc(495): error A2008: syntax error : ,
D:\abseruni\Visual-Studio\Dependencies\irvine\SmallWin.inc(502): error A2008: syntax error : ,
D:\abseruni\Visual-Studio\Dependencies\irvine\SmallWin.inc(509): error A2008: syntax error : ,
D:\abseruni\Visual-Studio\Dependencies\irvine\SmallWin.inc(516): error A2008: syntax error : near
D:\abseruni\Visual-Studio\Dependencies\irvine\irvine32.inc(22): error A2008: syntax error : ,
D:\abseruni\Visual-Studio\Dependencies\irvine\irvine32.inc(66): error A2008: syntax error : ,
D:\abseruni\Visual-Studio\Dependencies\irvine\irvine32.inc(71): error A2008: syntax error : ,
D:\abseruni\Visual-Studio\Dependencies\irvine\irvine32.inc(76): error A2008: syntax error : ,
D:\abseruni\Visual-Studio\Dependencies\irvine\irvine32.inc(82): error A2008: syntax error : ,
D:\abseruni\Visual-Studio\Dependencies\irvine\irvine32.inc(87): error A2008: syntax error : ,
D:\abseruni\Visual-Studio\Dependencies\irvine\irvine32.inc(93): error A2008: syntax error : ,
D:\abseruni\Visual-Studio\Dependencies\irvine\irvine32.inc(99): error A2008: syntax error : ,
Test.asm(189): error A2070: invalid instruction operands
Test.asm(203): error A2070: invalid instruction operands
Test.asm(209): error A2070: invalid instruction operands
Test.asm(210): error A2070: invalid instruction operands
Test.asm(211): error A2070: invalid instruction operands
Test.asm(212): error A2070: invalid instruction operands
Test.asm(213): error A2070: invalid instruction operands
Test.asm(251): error A2070: invalid instruction operands
Test.asm(252): error A2070: invalid instruction operands
Test.asm(253): error A2070: invalid instruction operands
Test.asm(254): error A2070: invalid instruction operands
Test.asm(255): error A2070: invalid instruction operands
Test.asm(263): error A2070: invalid instruction operands
Test.asm(265): error A2070: invalid instruction operands
Test.asm(266): error A2070: invalid instruction operands
Test.asm(267): error A2070: invalid instruction operands
Test.asm(268): error A2070: invalid instruction operands
Test.asm(269): error A2070: invalid instruction operands
Test.asm(314): error A2070: invalid instruction operands
Test.asm(350): error A2070: invalid instruction operands
Test.asm(370): error A2070: invalid instruction operands
Test.asm(371): error A2070: invalid instruction operands
Test.asm(372): error A2070: invalid instruction operands
Test.asm(373): error A2070: invalid instruction operands
Test.asm(374): error A2070: invalid instruction operands
Test.asm(376): error A2070: invalid instruction operands
Test.asm(522): error A2008: syntax error : INVOKE
Test.asm(525): error A2008: syntax error : main
Test.asm(525): error A2088: END directive required at end of file
Test.asm(101): error A2229: cannot use labels and 32-bit addressing in the same expression
Test.asm(105): error A2229: cannot use labels and 32-bit addressing in the same expression
Test.asm(107): error A2229: cannot use labels and 32-bit addressing in the same expression
Test.asm(122): error A2229: cannot use labels and 32-bit addressing in the same expression
Test.asm(126): error A2229: cannot use labels and 32-bit addressing in the same expression
Test.asm(128): error A2229: cannot use labels and 32-bit addressing in the same expression
Test.asm(172): error A2229: cannot use labels and 32-bit addressing in the same expression
Test.asm(197): error A2229: cannot use labels and 32-bit addressing in the same expression
Test.asm(201): error A2229: cannot use labels and 32-bit addressing in the same expression
Test.asm(222): error A2229: cannot use labels and 32-bit addressing in the same expression
Test.asm(226): error A2229: cannot use labels and 32-bit addressing in the same expression
Test.asm(235): error A2229: cannot use labels and 32-bit addressing in the same expression
Test.asm(249): fatal error A1012: error count exceeds 100; stopping assembly
D:\VIsual_Studio\MSBuild\Microsoft\VC\v170\BuildCustomizations\masm.targets(70,5): error MSB3721: The command "ml64.exe /c /nologo /Zi /Fo"Project2\x64\Debug\Test.obj" /I "D:\abseruni\Visual-Studio\Dependencies\irvine" /W3 /errorReport:prompt  /TaTest.asm" exited with code 1.
